<?xml version="1.0" encoding="UTF-8"?>
<testsuite name="ComputerRepairRequestTest" tests="2" skipped="0" failures="0" errors="0" timestamp="2025-03-03T16:33:42" hostname="LAPTOP-VM7TGH14" time="0.023">
  <properties/>
  <testcase name="Test Exemplu" classname="ComputerRepairRequestTest" time="0.017"/>
  <testcase name="First Test" classname="ComputerRepairRequestTest" time="0.004"/>
  <system-out><![CDATA[]]></system-out>
  <system-err><![CDATA[]]></system-err>
</testsuite>
